[www.ntpc.co.in/sites/all/themes/ntpc/favicon.ico]
[backblue.gif]
[fade.gif]
[index.html]
[www.ntpc.co.in/sites/all/themes/ntpc/js/jquery-3.5.1.min.js]
[www.ntpc.co.in/sites/default/files/minifyjs/misc/jquery.min.js]
[www.ntpc.co.in/misc/jquery-extend-3.4.0.js]
[www.ntpc.co.in/misc/jquery-html-prefilter-3.5.0-backport.js]
[www.ntpc.co.in/sites/default/files/minifyjs/misc/jquery.once.min.js]
[www.ntpc.co.in/sites/default/files/minifyjs/misc/drupal.min.js]
[www.ntpc.co.in/sites/default/files/minifyjs/sites/all/modules/admin_menu/admin_devel/admin_devel.min.js]
[www.ntpc.co.in/sites/default/files/minifyjs/sites/all/modules/fancybox/fancybox.min.js]
[www.ntpc.co.in/sites/default/files/minifyjs/sites/all/libraries/fancybox/source/jquery.fancybox.pack.min.js]
[www.ntpc.co.in/sites/default/files/minifyjs/sites/all/libraries/fancybox/lib/jquery.mousewheel-3.0.6.pack.min.js]
[www.ntpc.co.in/sites/default/files/minifyjs/sites/all/modules/video/js/video.min.js]
[www.ntpc.co.in/sites/default/files/minifyjs/sites/all/modules/custom_search/js/custom_search.min.js]
[www.google-analytics.com/analytics.js]
[www.ntpc.co.in/sites/all/themes/ntpc/images/ntpc-logo.png]
[www.ntpc.co.in/sites/all/themes/ntpc/images/factory-2.png]
[www.ntpc.co.in/sites/all/themes/ntpc/images/factory-1.png]
[www.ntpc.co.in/sites/all/themes/ntpc/images/solar.png]
[www.ntpc.co.in/sites/all/themes/ntpc/images/hydro.png]
[www.ntpc.co.in/sites/all/themes/ntpc/images/windmills.png]
[www.ntpc.co.in/sites/all/themes/ntpc/images/all.png]
[www.ntpc.co.in/sites/all/themes/ntpc/images/factory-flat.png]
[www.ntpc.co.in/sites/all/themes/ntpc/images/employees.png]
[www.ntpc.co.in/sites/all/themes/ntpc/images/factory2-flat.png]
[www.ntpc.co.in/sites/all/themes/ntpc/images/forbes.png]
[www.ntpc.co.in/sites/all/themes/ntpc/images/renewable-energy.png]
[www.ntpc.co.in/sites/default/files/downloads/Annual-Report-2021-22.pdf]
[www.ntpc.co.in/sites/default/files/downloads/KPHQ1FY23.pdf]
[www.ntpc.co.in/sites/default/files/downloads/Akjhacmdpopupimage.jpg]
[www.ntpc.co.in/sites/all/themes/ntpc/images/NTPC-cmd.png]
[www.ntpc.co.in/sites/all/themes/ntpc/images/pg-th-1.jpg]
[www.ntpc.co.in/sites/all/themes/ntpc/images/pg-th-2.jpg]
[www.ntpc.co.in/sites/all/themes/ntpc/images/pg-th-3.jpg]
[www.ntpc.co.in/sites/all/themes/ntpc/images/pg-th-4.jpg]
[www.ntpc.co.in/sites/all/themes/ntpc/images/pg-th-5.jpg]
[www.ntpc.co.in/sites/all/themes/ntpc/images/c-th-2.jpg]
[www.ntpc.co.in/sites/all/themes/ntpc/images/c-th-3.jpg]
[www.ntpc.co.in/sites/all/themes/ntpc/images/c-th-4.jpg]
[www.ntpc.co.in/sites/all/themes/ntpc/images/c-th-5.jpg]
[www.ntpc.co.in/sites/default/files/downloads/Big-1920.jpg]
[www.ntpc.co.in/sites/all/themes/ntpc/images/Small-1920.jpg]
[www.ntpc.co.in/sites/all/themes/ntpc/images/Navratna-small.jpg]
[www.ntpc.co.in/sites/all/themes/ntpc/images/ntpc-logo-footer.png]
[www.ntpc.co.in/sites/default/files/images/koo-app.png]
[www.ntpc.co.in/sites/all/themes/ntpc/js/stiky.js]
[www.ntpc.co.in/sites/all/themes/ntpc/js/jquery.jfontsize-1.0.js]
[www.ntpc.co.in/sites/all/themes/ntpc/js/jquery.simplyscroll.js]
[www.ntpc.co.in/sites/all/themes/ntpc/js/bootstrap.mina3fc.js]
[www.ntpc.co.in/sites/all/themes/ntpc/js/bootstrap-hover-dropdown.mina3fc.js]
[www.ntpc.co.in/sites/default/files/minifyjs/sites/all/themes/ntpc/js/smokeEffect.mina3fc.js]
[www.ntpc.co.in/sites/default/files/minifyjs/sites/all/themes/ntpc/js/saucySlider.mina3fc.js]
[www.ntpc.co.in/sites/all/themes/ntpc/js/responsiveslides.mina3fc.js]
[www.ntpc.co.in/sites/all/themes/ntpc/js/jquery.easing.mina3fc.js]
[www.ntpc.co.in/sites/default/files/minifyjs/sites/all/themes/ntpc/js/jquery.easy-ticker.mina3fc.js]
[www.ntpc.co.in/bni_1896b1697d8ca9f980069c2600d67e25.js]
[www.ntpc.co.in/index.html]
[www.ntpc.co.in/misc/throbber-inactive.png]
[www.ntpc.co.in/misc/throbber-active.gif]
[www.ntpc.co.in/misc/grippie.png]
[www.ntpc.co.in/misc/draggable.png]
[www.ntpc.co.in/misc/tree.png]
[www.ntpc.co.in/misc/tree-bottom.png]
[www.ntpc.co.in/modules/system/system.base.css]
[www.ntpc.co.in/modules/comment/comment.css]
[www.ntpc.co.in/sites/all/modules/date/date_api/date.css]
[www.ntpc.co.in/sites/all/modules/date/date_popup/themes/datepicker.1.7.css]
[www.ntpc.co.in/sites/all/modules/date/date_repeat_field/date_repeat_field.css]
[www.ntpc.co.in/modules/field/theme/field.css]
[www.ntpc.co.in/modules/node/node.css]
[www.ntpc.co.in/modules/search/search.css]
[www.ntpc.co.in/modules/user/user.css]
[www.ntpc.co.in/misc/forum-icons.png]
[www.ntpc.co.in/modules/forum/forum.css]
[www.ntpc.co.in/sites/all/modules/views/css/views.css]
[www.ntpc.co.in/sites/all/modules/ckeditor/css/ckeditor.css]
[www.ntpc.co.in/sites/all/modules/ctools/images/status-active.gif]
[www.ntpc.co.in/sites/all/modules/ctools/css/ctools.css]
[www.ntpc.co.in/sites/all/libraries/fancybox/source/fancybox_sprite.png]
[www.ntpc.co.in/sites/all/libraries/fancybox/source/fancybox_loading.gif]
[www.ntpc.co.in/sites/all/libraries/fancybox/source/blank.gif]
[www.ntpc.co.in/sites/all/libraries/fancybox/source/fancybox_overlay.png]
[www.ntpc.co.in/sites/all/libraries/fancybox/source/fancybox_sprite@2x.png]
[www.ntpc.co.in/sites/all/libraries/fancybox/source/fancybox_loading@2x.gif]
[www.ntpc.co.in/sites/all/libraries/fancybox/source/jquery.fancybox.css]
[www.ntpc.co.in/sites/all/modules/panels/css/panels.css]
[www.ntpc.co.in/sites/all/modules/video/css/video.css]
[www.ntpc.co.in/modules/locale/locale.css]
[www.ntpc.co.in/sites/all/modules/custom_search/custom_search.css]
[www.ntpc.co.in/sites/all/themes/ntpc/images/arrow.png]
[www.ntpc.co.in/sites/all/themes/ntpc/js/responsiveslides.css]
[www.ntpc.co.in/sites/all/themes/ntpc/images/slope1.png]
[www.ntpc.co.in/sites/all/themes/ntpc/images/grass.png]
[www.ntpc.co.in/sites/all/themes/ntpc/images/slope2.png]
[www.ntpc.co.in/sites/all/themes/ntpc/images/sky.png]
[www.ntpc.co.in/sites/all/themes/ntpc/css/prefixed-style.css]
[www.ntpc.co.in/sites/all/themes/ntpc/css/demo.css]
[www.ntpc.co.in/sites/all/themes/ntpc/css/styles.css]
[www.ntpc.co.in/sites/all/themes/ntpc/fonts/glyphicons-halflings-regular.eot]
[www.ntpc.co.in/sites/all/themes/ntpc/fonts/glyphicons-halflings-regulard41d.eot]
[www.ntpc.co.in/sites/all/themes/ntpc/fonts/glyphicons-halflings-regular.woff]
[www.ntpc.co.in/sites/all/themes/ntpc/fonts/glyphicons-halflings-regular.ttf]
[www.ntpc.co.in/sites/all/themes/ntpc/css/bootstrap.css]
[www.ntpc.co.in/sites/all/themes/ntpc/fonts/montserrat-regular-webfont.eot]
[www.ntpc.co.in/sites/all/themes/ntpc/fonts/montserrat-regular-webfontd41d.eot]
[www.ntpc.co.in/sites/all/themes/ntpc/fonts/montserrat-regular-webfont.woff2]
[www.ntpc.co.in/sites/all/themes/ntpc/fonts/montserrat-regular-webfont.woff]
[www.ntpc.co.in/sites/all/themes/ntpc/fonts/montserrat-regular-webfont.ttf]
[www.ntpc.co.in/sites/all/themes/ntpc/fonts/montserrat-bold-webfont.eot]
[www.ntpc.co.in/sites/all/themes/ntpc/fonts/montserrat-bold-webfontd41d.eot]
[www.ntpc.co.in/sites/all/themes/ntpc/fonts/montserrat-bold-webfont.woff2]
[www.ntpc.co.in/sites/all/themes/ntpc/fonts/montserrat-bold-webfont.woff]
[www.ntpc.co.in/sites/all/themes/ntpc/fonts/montserrat-bold-webfont.ttf]
[www.ntpc.co.in/sites/all/themes/ntpc/fonts/Kruti Dev 010.ttf]
[www.ntpc.co.in/sites/all/themes/ntpc/images/ajax-loader.gif]
[www.ntpc.co.in/sites/all/themes/ntpc/images/hindi-toggle.png]
[www.ntpc.co.in/sites/all/themes/ntpc/images/play1.png]
[www.ntpc.co.in/sites/all/themes/ntpc/images/play2.png]
[www.ntpc.co.in/sites/all/themes/ntpc/images/arrow48.png]
[www.ntpc.co.in/sites/all/themes/ntpc/images/socialicons.png]
[www.ntpc.co.in/sites/all/themes/ntpc/images/icons/play-pause.png]
[www.ntpc.co.in/sites/all/themes/ntpc/images/paperplane.png]
[www.ntpc.co.in/sites/all/themes/ntpc/images/news.png]
[www.ntpc.co.in/sites/all/themes/ntpc/images/diamons.png]
[www.ntpc.co.in/sites/all/themes/ntpc/images/camera6.png]
[www.ntpc.co.in/sites/all/themes/ntpc/images/left-menu-bot-line.png]
[www.ntpc.co.in/sites/all/themes/ntpc/images/hover-arrow.png]
[www.ntpc.co.in/sites/all/themes/ntpc/images/left-menu-shadow.png]
[www.ntpc.co.in/sites/all/themes/ntpc/images/mask.png]
[www.ntpc.co.in/sites/all/themes/ntpc/images/mask-even.png]
[www.ntpc.co.in/sites/all/themes/ntpc/images/quote-left.png]
[www.ntpc.co.in/sites/all/themes/ntpc/images/page-shadow-top.png]
[www.ntpc.co.in/sites/all/themes/ntpc/images/page-shadow-bottom.png]
[www.ntpc.co.in/sites/all/themes/ntpc/images/inner-header-about.jpg]
[www.ntpc.co.in/sites/all/themes/ntpc/images/covid-header.jpg]
[www.ntpc.co.in/sites/all/themes/ntpc/images/inner-header-power.jpg]
[www.ntpc.co.in/sites/all/themes/ntpc/images/inner-header-sustainability.jpg]
[www.ntpc.co.in/sites/all/themes/ntpc/images/inner-header-environment.jpg]
[www.ntpc.co.in/sites/all/themes/ntpc/images/inner-header-corporate.jpg]
[www.ntpc.co.in/sites/all/themes/ntpc/images/inner-header-services.jpg]
[www.ntpc.co.in/sites/all/themes/ntpc/images/inner-header-investors.jpg]
[www.ntpc.co.in/sites/all/themes/ntpc/images/inner-header-careers.jpg]
[www.ntpc.co.in/sites/all/themes/ntpc/images/inner-header-contact-us.jpg]
[www.ntpc.co.in/sites/all/themes/ntpc/images/inner-header-recognitions-awards.jpg]
[www.ntpc.co.in/sites/all/themes/ntpc/images/inner-header-media.jpg]
[www.ntpc.co.in/sites/all/themes/ntpc/images/blue-gra.png]
[www.ntpc.co.in/sites/all/themes/ntpc/images/chairman-hero-bg.jpg]
[www.ntpc.co.in/sites/all/themes/ntpc/images/icons/icon-16-word.png]
[www.ntpc.co.in/sites/all/themes/ntpc/images/icons/icon-16-pdf.png]
[www.ntpc.co.in/sites/all/themes/ntpc/images/icons/icon-16-excel.png]
[www.ntpc.co.in/sites/all/themes/ntpc/images/icons/icon-16-ppt.png]
[www.ntpc.co.in/sites/all/themes/ntpc/images/icons/icon-16-book.png]
[www.ntpc.co.in/sites/all/themes/ntpc/images/icons/icon-16-image.png]
[www.ntpc.co.in/sites/all/themes/ntpc/images/icons/icon-16-video.png]
[www.ntpc.co.in/sites/all/themes/ntpc/images/icons/icon-16-music.png]
[www.ntpc.co.in/sites/all/themes/ntpc/images/icons/icon-16-film.png]
[www.ntpc.co.in/sites/all/themes/ntpc/images/icons/square-bullet.png]
[www.ntpc.co.in/sites/all/themes/ntpc/images/icons/square-line-bullet.png]
[www.ntpc.co.in/sites/all/themes/ntpc/images/icons/square-line-round-bullet.png]
[www.ntpc.co.in/sites/all/themes/ntpc/images/icons/square-line-round-inv-bullet.png]
[www.ntpc.co.in/sites/all/themes/ntpc/images/icons/circle-bullet.png]
[www.ntpc.co.in/sites/all/themes/ntpc/images/rt-menu-bg-btm.jpg]
[www.ntpc.co.in/sites/all/themes/ntpc/images/rt-menu-bg-top.jpg]
[www.ntpc.co.in/sites/all/themes/ntpc/images/rt-menu-bg-mid.jpg]
[www.ntpc.co.in/sites/all/themes/ntpc/images/ifun-sub.jpg]
[www.ntpc.co.in/sites/all/themes/ntpc/images/bullet-arrow.png]
[www.ntpc.co.in/sites/all/themes/ntpc/images/close-plus-minus.png]
[www.ntpc.co.in/sites/all/themes/ntpc/images/icons/icon-pages.png]
[www.ntpc.co.in/sites/all/themes/ntpc/images/gif-new.gif]
[www.ntpc.co.in/sites/all/themes/ntpc/images/quote-left-blue.png]
[www.ntpc.co.in/sites/all/themes/ntpc/images/history/timeline-bg.jpg]
[www.ntpc.co.in/sites/all/themes/ntpc/images/history/y-1975.jpg]
[www.ntpc.co.in/sites/all/themes/ntpc/images/history/y-1976.jpg]
[www.ntpc.co.in/sites/all/themes/ntpc/images/history/y-1977.jpg]
[www.ntpc.co.in/sites/all/themes/ntpc/images/history/y-1978.jpg]
[www.ntpc.co.in/sites/all/themes/ntpc/images/history/y-1979.jpg]
[www.ntpc.co.in/sites/all/themes/ntpc/images/history/y-1980.jpg]
[www.ntpc.co.in/sites/all/themes/ntpc/images/history/y-1981.jpg]
[www.ntpc.co.in/sites/all/themes/ntpc/images/history/y-1982.jpg]
[www.ntpc.co.in/sites/all/themes/ntpc/images/history/y-1983.jpg]
[www.ntpc.co.in/sites/all/themes/ntpc/images/history/y-1984.jpg]
[www.ntpc.co.in/sites/all/themes/ntpc/images/history/y-1985.jpg]
[www.ntpc.co.in/sites/all/themes/ntpc/images/history/y-1986.jpg]
[www.ntpc.co.in/sites/all/themes/ntpc/images/history/y-1987.jpg]
[www.ntpc.co.in/sites/all/themes/ntpc/images/history/y-1988.jpg]
[www.ntpc.co.in/sites/all/themes/ntpc/images/history/y-1989.jpg]
[www.ntpc.co.in/sites/all/themes/ntpc/images/history/y-1990.jpg]
[www.ntpc.co.in/sites/all/themes/ntpc/images/history/y-1991.jpg]
[www.ntpc.co.in/sites/all/themes/ntpc/images/history/y-1992.jpg]
[www.ntpc.co.in/sites/all/themes/ntpc/images/history/y-1993.jpg]
[www.ntpc.co.in/sites/all/themes/ntpc/images/history/y-1994.jpg]
[www.ntpc.co.in/sites/all/themes/ntpc/images/history/y-1995.jpg]
[www.ntpc.co.in/sites/all/themes/ntpc/images/history/y-1996.jpg]
[www.ntpc.co.in/sites/all/themes/ntpc/images/history/y-1997.jpg]
[www.ntpc.co.in/sites/all/themes/ntpc/images/history/y-1998.jpg]
[www.ntpc.co.in/sites/all/themes/ntpc/images/history/y-2000.jpg]
[www.ntpc.co.in/sites/all/themes/ntpc/images/history/y-2001.jpg]
[www.ntpc.co.in/sites/all/themes/ntpc/images/history/y-2002.jpg]
[www.ntpc.co.in/sites/all/themes/ntpc/images/history/y-2003.jpg]
